{"C:\\Users\\Clemence\\Documents\\Projects\\lala-rental\\lala-rental-backend\\src\\index.ts": {"path":"C:\\Users\\Clemence\\Documents\\Projects\\lala-rental\\lala-rental-backend\\src\\index.ts","statementMap":{"0":{"start":{"line":9,"column":0},"end":{"line":9,"column":16}},"1":{"start":{"line":11,"column":12},"end":{"line":11,"column":21}},"2":{"start":{"line":12,"column":13},"end":{"line":12,"column":37}},"3":{"start":{"line":14,"column":0},"end":{"line":14,"column":16}},"4":{"start":{"line":15,"column":0},"end":{"line":15,"column":24}},"5":{"start":{"line":16,"column":0},"end":{"line":16,"column":104}},"6":{"start":{"line":18,"column":0},"end":{"line":18,"column":27}},"7":{"start":{"line":19,"column":0},"end":{"line":19,"column":51}},"8":{"start":{"line":21,"column":0},"end":{"line":21,"column":21}},"9":{"start":{"line":23,"column":0},"end":{"line":23,"column":18}},"10":{"start":{"line":25,"column":0},"end":{"line":27,"column":3}},"11":{"start":{"line":26,"column":2},"end":{"line":26,"column":51}}},"fnMap":{"0":{"name":"(anonymous_0)","decl":{"start":{"line":25,"column":17},"end":{"line":25,"column":20}},"loc":{"start":{"line":25,"column":22},"end":{"line":27,"column":1}}}},"branchMap":{"0":{"loc":{"start":{"line":12,"column":13},"end":{"line":12,"column":37}},"type":"binary-expr","locations":[{"start":{"line":12,"column":13},"end":{"line":12,"column":29}},{"start":{"line":12,"column":33},"end":{"line":12,"column":37}}]}},"s":{"0":0,"1":0,"2":0,"3":0,"4":0,"5":0,"6":0,"7":0,"8":0,"9":0,"10":0,"11":0},"f":{"0":0},"b":{"0":[0,0]}}
,"C:\\Users\\Clemence\\Documents\\Projects\\lala-rental\\lala-rental-backend\\src\\controllers\\auth.controller.ts": {"path":"C:\\Users\\Clemence\\Documents\\Projects\\lala-rental\\lala-rental-backend\\src\\controllers\\auth.controller.ts","statementMap":{"0":{"start":{"line":6,"column":0},"end":{"line":6,"column":16}},"1":{"start":{"line":15,"column":32},"end":{"line":33,"column":1}},"2":{"start":{"line":16,"column":2},"end":{"line":32,"column":5}},"3":{"start":{"line":17,"column":22},"end":{"line":17,"column":30}},"4":{"start":{"line":18,"column":17},"end":{"line":18,"column":53}},"5":{"start":{"line":19,"column":22},"end":{"line":19,"column":47}},"6":{"start":{"line":21,"column":4},"end":{"line":26,"column":7}},"7":{"start":{"line":28,"column":4},"end":{"line":31,"column":7}},"8":{"start":{"line":42,"column":26},"end":{"line":58,"column":1}},"9":{"start":{"line":43,"column":2},"end":{"line":57,"column":5}},"10":{"start":{"line":44,"column":4},"end":{"line":56,"column":7}},"11":{"start":{"line":45,"column":6},"end":{"line":50,"column":7}},"12":{"start":{"line":46,"column":8},"end":{"line":49,"column":11}},"13":{"start":{"line":52,"column":6},"end":{"line":55,"column":9}}},"fnMap":{"0":{"name":"(anonymous_0)","decl":{"start":{"line":15,"column":32},"end":{"line":15,"column":37}},"loc":{"start":{"line":15,"column":70},"end":{"line":33,"column":1}}},"1":{"name":"(anonymous_1)","decl":{"start":{"line":16,"column":11},"end":{"line":16,"column":16}},"loc":{"start":{"line":16,"column":22},"end":{"line":27,"column":3}}},"2":{"name":"(anonymous_2)","decl":{"start":{"line":27,"column":5},"end":{"line":27,"column":6}},"loc":{"start":{"line":27,"column":15},"end":{"line":32,"column":3}}},"3":{"name":"(anonymous_3)","decl":{"start":{"line":42,"column":26},"end":{"line":42,"column":27}},"loc":{"start":{"line":42,"column":58},"end":{"line":58,"column":1}}},"4":{"name":"(anonymous_4)","decl":{"start":{"line":43,"column":18},"end":{"line":43,"column":23}},"loc":{"start":{"line":43,"column":29},"end":{"line":57,"column":3}}},"5":{"name":"(anonymous_5)","decl":{"start":{"line":44,"column":24},"end":{"line":44,"column":25}},"loc":{"start":{"line":44,"column":32},"end":{"line":56,"column":5}}}},"branchMap":{"0":{"loc":{"start":{"line":45,"column":6},"end":{"line":50,"column":7}},"type":"if","locations":[{"start":{"line":45,"column":6},"end":{"line":50,"column":7}}]}},"s":{"0":0,"1":0,"2":0,"3":0,"4":0,"5":0,"6":0,"7":0,"8":0,"9":0,"10":0,"11":0,"12":0,"13":0},"f":{"0":0,"1":0,"2":0,"3":0,"4":0,"5":0},"b":{"0":[0]}}
,"C:\\Users\\Clemence\\Documents\\Projects\\lala-rental\\lala-rental-backend\\src\\controllers\\bookings.controller.ts": {"path":"C:\\Users\\Clemence\\Documents\\Projects\\lala-rental\\lala-rental-backend\\src\\controllers\\bookings.controller.ts","statementMap":{"0":{"start":{"line":19,"column":28},"end":{"line":32,"column":1}},"1":{"start":{"line":20,"column":4},"end":{"line":31,"column":7}},"2":{"start":{"line":21,"column":21},"end":{"line":21,"column":29}},"3":{"start":{"line":23,"column":8},"end":{"line":24,"column":85}},"4":{"start":{"line":24,"column":12},"end":{"line":24,"column":85}},"5":{"start":{"line":26,"column":25},"end":{"line":26,"column":54}},"6":{"start":{"line":28,"column":8},"end":{"line":30,"column":11}},"7":{"start":{"line":40,"column":32},"end":{"line":49,"column":1}},"8":{"start":{"line":41,"column":4},"end":{"line":48,"column":7}},"9":{"start":{"line":42,"column":25},"end":{"line":42,"column":64}},"10":{"start":{"line":44,"column":8},"end":{"line":47,"column":11}},"11":{"start":{"line":57,"column":39},"end":{"line":67,"column":1}},"12":{"start":{"line":58,"column":4},"end":{"line":66,"column":7}},"13":{"start":{"line":59,"column":31},"end":{"line":59,"column":41}},"14":{"start":{"line":60,"column":25},"end":{"line":60,"column":66}},"15":{"start":{"line":62,"column":8},"end":{"line":65,"column":11}},"16":{"start":{"line":75,"column":27},"end":{"line":90,"column":1}},"17":{"start":{"line":76,"column":4},"end":{"line":89,"column":7}},"18":{"start":{"line":77,"column":23},"end":{"line":77,"column":33}},"19":{"start":{"line":78,"column":21},"end":{"line":78,"column":29}},"20":{"start":{"line":80,"column":8},"end":{"line":81,"column":85}},"21":{"start":{"line":81,"column":12},"end":{"line":81,"column":85}},"22":{"start":{"line":83,"column":24},"end":{"line":83,"column":57}},"23":{"start":{"line":85,"column":8},"end":{"line":86,"column":90}},"24":{"start":{"line":86,"column":12},"end":{"line":86,"column":90}},"25":{"start":{"line":88,"column":8},"end":{"line":88,"column":64}},"26":{"start":{"line":98,"column":29},"end":{"line":122,"column":1}},"27":{"start":{"line":99,"column":4},"end":{"line":121,"column":7}},"28":{"start":{"line":100,"column":30},"end":{"line":100,"column":59}},"29":{"start":{"line":101,"column":21},"end":{"line":101,"column":29}},"30":{"start":{"line":103,"column":8},"end":{"line":104,"column":85}},"31":{"start":{"line":104,"column":12},"end":{"line":104,"column":85}},"32":{"start":{"line":106,"column":24},"end":{"line":112,"column":10}},"33":{"start":{"line":114,"column":8},"end":{"line":114,"column":64}},"34":{"start":{"line":116,"column":8},"end":{"line":118,"column":9}},"35":{"start":{"line":117,"column":12},"end":{"line":117,"column":111}},"36":{"start":{"line":120,"column":8},"end":{"line":120,"column":64}},"37":{"start":{"line":130,"column":30},"end":{"line":155,"column":1}},"38":{"start":{"line":131,"column":4},"end":{"line":154,"column":7}},"39":{"start":{"line":132,"column":23},"end":{"line":132,"column":33}},"40":{"start":{"line":133,"column":30},"end":{"line":133,"column":59}},"41":{"start":{"line":134,"column":21},"end":{"line":134,"column":29}},"42":{"start":{"line":136,"column":8},"end":{"line":137,"column":85}},"43":{"start":{"line":137,"column":12},"end":{"line":137,"column":85}},"44":{"start":{"line":139,"column":24},"end":{"line":146,"column":10}},"45":{"start":{"line":148,"column":8},"end":{"line":149,"column":90}},"46":{"start":{"line":149,"column":12},"end":{"line":149,"column":90}},"47":{"start":{"line":151,"column":8},"end":{"line":151,"column":64}},"48":{"start":{"line":153,"column":8},"end":{"line":153,"column":80}},"49":{"start":{"line":163,"column":29},"end":{"line":178,"column":1}},"50":{"start":{"line":164,"column":4},"end":{"line":177,"column":7}},"51":{"start":{"line":165,"column":23},"end":{"line":165,"column":33}},"52":{"start":{"line":166,"column":21},"end":{"line":166,"column":29}},"53":{"start":{"line":168,"column":8},"end":{"line":169,"column":85}},"54":{"start":{"line":169,"column":12},"end":{"line":169,"column":85}},"55":{"start":{"line":171,"column":24},"end":{"line":171,"column":61}},"56":{"start":{"line":173,"column":8},"end":{"line":174,"column":90}},"57":{"start":{"line":174,"column":12},"end":{"line":174,"column":90}},"58":{"start":{"line":176,"column":8},"end":{"line":176,"column":96}}},"fnMap":{"0":{"name":"(anonymous_0)","decl":{"start":{"line":19,"column":28},"end":{"line":19,"column":33}},"loc":{"start":{"line":19,"column":72},"end":{"line":32,"column":1}}},"1":{"name":"(anonymous_1)","decl":{"start":{"line":20,"column":20},"end":{"line":20,"column":25}},"loc":{"start":{"line":20,"column":31},"end":{"line":31,"column":5}}},"2":{"name":"(anonymous_2)","decl":{"start":{"line":40,"column":32},"end":{"line":40,"column":37}},"loc":{"start":{"line":40,"column":76},"end":{"line":49,"column":1}}},"3":{"name":"(anonymous_3)","decl":{"start":{"line":41,"column":20},"end":{"line":41,"column":25}},"loc":{"start":{"line":41,"column":31},"end":{"line":48,"column":5}}},"4":{"name":"(anonymous_4)","decl":{"start":{"line":57,"column":39},"end":{"line":57,"column":44}},"loc":{"start":{"line":57,"column":77},"end":{"line":67,"column":1}}},"5":{"name":"(anonymous_5)","decl":{"start":{"line":58,"column":20},"end":{"line":58,"column":25}},"loc":{"start":{"line":58,"column":31},"end":{"line":66,"column":5}}},"6":{"name":"(anonymous_6)","decl":{"start":{"line":75,"column":27},"end":{"line":75,"column":32}},"loc":{"start":{"line":75,"column":71},"end":{"line":90,"column":1}}},"7":{"name":"(anonymous_7)","decl":{"start":{"line":76,"column":20},"end":{"line":76,"column":25}},"loc":{"start":{"line":76,"column":31},"end":{"line":89,"column":5}}},"8":{"name":"(anonymous_8)","decl":{"start":{"line":98,"column":29},"end":{"line":98,"column":34}},"loc":{"start":{"line":98,"column":73},"end":{"line":122,"column":1}}},"9":{"name":"(anonymous_9)","decl":{"start":{"line":99,"column":20},"end":{"line":99,"column":25}},"loc":{"start":{"line":99,"column":31},"end":{"line":115,"column":5}}},"10":{"name":"(anonymous_10)","decl":{"start":{"line":115,"column":7},"end":{"line":115,"column":8}},"loc":{"start":{"line":115,"column":17},"end":{"line":121,"column":5}}},"11":{"name":"(anonymous_11)","decl":{"start":{"line":130,"column":30},"end":{"line":130,"column":35}},"loc":{"start":{"line":130,"column":74},"end":{"line":155,"column":1}}},"12":{"name":"(anonymous_12)","decl":{"start":{"line":131,"column":20},"end":{"line":131,"column":25}},"loc":{"start":{"line":131,"column":31},"end":{"line":152,"column":5}}},"13":{"name":"(anonymous_13)","decl":{"start":{"line":152,"column":7},"end":{"line":152,"column":8}},"loc":{"start":{"line":152,"column":17},"end":{"line":154,"column":5}}},"14":{"name":"(anonymous_14)","decl":{"start":{"line":163,"column":29},"end":{"line":163,"column":34}},"loc":{"start":{"line":163,"column":73},"end":{"line":178,"column":1}}},"15":{"name":"(anonymous_15)","decl":{"start":{"line":164,"column":20},"end":{"line":164,"column":25}},"loc":{"start":{"line":164,"column":31},"end":{"line":177,"column":5}}}},"branchMap":{"0":{"loc":{"start":{"line":23,"column":8},"end":{"line":24,"column":85}},"type":"if","locations":[{"start":{"line":23,"column":8},"end":{"line":24,"column":85}}]},"1":{"loc":{"start":{"line":80,"column":8},"end":{"line":81,"column":85}},"type":"if","locations":[{"start":{"line":80,"column":8},"end":{"line":81,"column":85}}]},"2":{"loc":{"start":{"line":85,"column":8},"end":{"line":86,"column":90}},"type":"if","locations":[{"start":{"line":85,"column":8},"end":{"line":86,"column":90}}]},"3":{"loc":{"start":{"line":103,"column":8},"end":{"line":104,"column":85}},"type":"if","locations":[{"start":{"line":103,"column":8},"end":{"line":104,"column":85}}]},"4":{"loc":{"start":{"line":116,"column":8},"end":{"line":118,"column":9}},"type":"if","locations":[{"start":{"line":116,"column":8},"end":{"line":118,"column":9}}]},"5":{"loc":{"start":{"line":136,"column":8},"end":{"line":137,"column":85}},"type":"if","locations":[{"start":{"line":136,"column":8},"end":{"line":137,"column":85}}]},"6":{"loc":{"start":{"line":148,"column":8},"end":{"line":149,"column":90}},"type":"if","locations":[{"start":{"line":148,"column":8},"end":{"line":149,"column":90}}]},"7":{"loc":{"start":{"line":168,"column":8},"end":{"line":169,"column":85}},"type":"if","locations":[{"start":{"line":168,"column":8},"end":{"line":169,"column":85}}]},"8":{"loc":{"start":{"line":173,"column":8},"end":{"line":174,"column":90}},"type":"if","locations":[{"start":{"line":173,"column":8},"end":{"line":174,"column":90}}]}},"s":{"0":0,"1":0,"2":0,"3":0,"4":0,"5":0,"6":0,"7":0,"8":0,"9":0,"10":0,"11":0,"12":0,"13":0,"14":0,"15":0,"16":0,"17":0,"18":0,"19":0,"20":0,"21":0,"22":0,"23":0,"24":0,"25":0,"26":0,"27":0,"28":0,"29":0,"30":0,"31":0,"32":0,"33":0,"34":0,"35":0,"36":0,"37":0,"38":0,"39":0,"40":0,"41":0,"42":0,"43":0,"44":0,"45":0,"46":0,"47":0,"48":0,"49":0,"50":0,"51":0,"52":0,"53":0,"54":0,"55":0,"56":0,"57":0,"58":0},"f":{"0":0,"1":0,"2":0,"3":0,"4":0,"5":0,"6":0,"7":0,"8":0,"9":0,"10":0,"11":0,"12":0,"13":0,"14":0,"15":0},"b":{"0":[0],"1":[0],"2":[0],"3":[0],"4":[0],"5":[0],"6":[0],"7":[0],"8":[0]}}
,"C:\\Users\\Clemence\\Documents\\Projects\\lala-rental\\lala-rental-backend\\src\\controllers\\properties.controller.ts": {"path":"C:\\Users\\Clemence\\Documents\\Projects\\lala-rental\\lala-rental-backend\\src\\controllers\\properties.controller.ts","statementMap":{"0":{"start":{"line":15,"column":30},"end":{"line":23,"column":1}},"1":{"start":{"line":16,"column":4},"end":{"line":22,"column":7}},"2":{"start":{"line":17,"column":27},"end":{"line":17,"column":51}},"3":{"start":{"line":18,"column":8},"end":{"line":21,"column":11}},"4":{"start":{"line":31,"column":28},"end":{"line":41,"column":1}},"5":{"start":{"line":32,"column":4},"end":{"line":40,"column":7}},"6":{"start":{"line":33,"column":23},"end":{"line":33,"column":33}},"7":{"start":{"line":34,"column":25},"end":{"line":34,"column":50}},"8":{"start":{"line":36,"column":8},"end":{"line":37,"column":91}},"9":{"start":{"line":37,"column":12},"end":{"line":37,"column":91}},"10":{"start":{"line":39,"column":8},"end":{"line":39,"column":64}},"11":{"start":{"line":49,"column":29},"end":{"line":77,"column":1}},"12":{"start":{"line":50,"column":4},"end":{"line":76,"column":7}},"13":{"start":{"line":51,"column":30},"end":{"line":51,"column":60}},"14":{"start":{"line":52,"column":23},"end":{"line":52,"column":88}},"15":{"start":{"line":53,"column":21},"end":{"line":53,"column":29}},"16":{"start":{"line":55,"column":8},"end":{"line":56,"column":78}},"17":{"start":{"line":56,"column":12},"end":{"line":56,"column":78}},"18":{"start":{"line":58,"column":8},"end":{"line":59,"column":105}},"19":{"start":{"line":59,"column":12},"end":{"line":59,"column":105}},"20":{"start":{"line":61,"column":25},"end":{"line":67,"column":10}},"21":{"start":{"line":69,"column":8},"end":{"line":69,"column":58}},"22":{"start":{"line":71,"column":8},"end":{"line":73,"column":9}},"23":{"start":{"line":72,"column":12},"end":{"line":72,"column":111}},"24":{"start":{"line":75,"column":8},"end":{"line":75,"column":64}},"25":{"start":{"line":85,"column":30},"end":{"line":104,"column":1}},"26":{"start":{"line":86,"column":4},"end":{"line":103,"column":7}},"27":{"start":{"line":87,"column":23},"end":{"line":87,"column":33}},"28":{"start":{"line":88,"column":30},"end":{"line":88,"column":60}},"29":{"start":{"line":89,"column":23},"end":{"line":89,"column":88}},"30":{"start":{"line":91,"column":8},"end":{"line":91,"column":97}},"31":{"start":{"line":91,"column":21},"end":{"line":91,"column":97}},"32":{"start":{"line":93,"column":25},"end":{"line":93,"column":84}},"33":{"start":{"line":95,"column":8},"end":{"line":96,"column":91}},"34":{"start":{"line":96,"column":12},"end":{"line":96,"column":91}},"35":{"start":{"line":98,"column":8},"end":{"line":98,"column":65}},"36":{"start":{"line":100,"column":8},"end":{"line":102,"column":9}},"37":{"start":{"line":101,"column":12},"end":{"line":101,"column":111}},"38":{"start":{"line":112,"column":30},"end":{"line":127,"column":1}},"39":{"start":{"line":113,"column":4},"end":{"line":126,"column":7}},"40":{"start":{"line":114,"column":23},"end":{"line":114,"column":33}},"41":{"start":{"line":115,"column":21},"end":{"line":115,"column":29}},"42":{"start":{"line":117,"column":8},"end":{"line":118,"column":85}},"43":{"start":{"line":118,"column":12},"end":{"line":118,"column":85}},"44":{"start":{"line":120,"column":25},"end":{"line":120,"column":63}},"45":{"start":{"line":122,"column":8},"end":{"line":123,"column":91}},"46":{"start":{"line":123,"column":12},"end":{"line":123,"column":91}},"47":{"start":{"line":125,"column":8},"end":{"line":125,"column":97}}},"fnMap":{"0":{"name":"(anonymous_0)","decl":{"start":{"line":15,"column":30},"end":{"line":15,"column":35}},"loc":{"start":{"line":15,"column":69},"end":{"line":23,"column":1}}},"1":{"name":"(anonymous_1)","decl":{"start":{"line":16,"column":20},"end":{"line":16,"column":25}},"loc":{"start":{"line":16,"column":31},"end":{"line":22,"column":5}}},"2":{"name":"(anonymous_2)","decl":{"start":{"line":31,"column":28},"end":{"line":31,"column":33}},"loc":{"start":{"line":31,"column":66},"end":{"line":41,"column":1}}},"3":{"name":"(anonymous_3)","decl":{"start":{"line":32,"column":20},"end":{"line":32,"column":25}},"loc":{"start":{"line":32,"column":31},"end":{"line":40,"column":5}}},"4":{"name":"(anonymous_4)","decl":{"start":{"line":49,"column":29},"end":{"line":49,"column":34}},"loc":{"start":{"line":49,"column":73},"end":{"line":77,"column":1}}},"5":{"name":"(anonymous_5)","decl":{"start":{"line":50,"column":13},"end":{"line":50,"column":18}},"loc":{"start":{"line":50,"column":24},"end":{"line":70,"column":5}}},"6":{"name":"(anonymous_6)","decl":{"start":{"line":70,"column":7},"end":{"line":70,"column":8}},"loc":{"start":{"line":70,"column":17},"end":{"line":76,"column":5}}},"7":{"name":"(anonymous_7)","decl":{"start":{"line":85,"column":30},"end":{"line":85,"column":35}},"loc":{"start":{"line":85,"column":74},"end":{"line":104,"column":1}}},"8":{"name":"(anonymous_8)","decl":{"start":{"line":86,"column":20},"end":{"line":86,"column":25}},"loc":{"start":{"line":86,"column":31},"end":{"line":99,"column":5}}},"9":{"name":"(anonymous_9)","decl":{"start":{"line":99,"column":7},"end":{"line":99,"column":8}},"loc":{"start":{"line":99,"column":17},"end":{"line":103,"column":5}}},"10":{"name":"(anonymous_10)","decl":{"start":{"line":112,"column":30},"end":{"line":112,"column":35}},"loc":{"start":{"line":112,"column":74},"end":{"line":127,"column":1}}},"11":{"name":"(anonymous_11)","decl":{"start":{"line":113,"column":20},"end":{"line":113,"column":25}},"loc":{"start":{"line":113,"column":31},"end":{"line":126,"column":5}}}},"branchMap":{"0":{"loc":{"start":{"line":36,"column":8},"end":{"line":37,"column":91}},"type":"if","locations":[{"start":{"line":36,"column":8},"end":{"line":37,"column":91}}]},"1":{"loc":{"start":{"line":55,"column":8},"end":{"line":56,"column":78}},"type":"if","locations":[{"start":{"line":55,"column":8},"end":{"line":56,"column":78}}]},"2":{"loc":{"start":{"line":58,"column":8},"end":{"line":59,"column":105}},"type":"if","locations":[{"start":{"line":58,"column":8},"end":{"line":59,"column":105}}]},"3":{"loc":{"start":{"line":58,"column":12},"end":{"line":58,"column":42}},"type":"binary-expr","locations":[{"start":{"line":58,"column":12},"end":{"line":58,"column":19}},{"start":{"line":58,"column":23},"end":{"line":58,"column":42}}]},"4":{"loc":{"start":{"line":71,"column":8},"end":{"line":73,"column":9}},"type":"if","locations":[{"start":{"line":71,"column":8},"end":{"line":73,"column":9}}]},"5":{"loc":{"start":{"line":91,"column":8},"end":{"line":91,"column":97}},"type":"if","locations":[{"start":{"line":91,"column":8},"end":{"line":91,"column":97}}]},"6":{"loc":{"start":{"line":95,"column":8},"end":{"line":96,"column":91}},"type":"if","locations":[{"start":{"line":95,"column":8},"end":{"line":96,"column":91}}]},"7":{"loc":{"start":{"line":100,"column":8},"end":{"line":102,"column":9}},"type":"if","locations":[{"start":{"line":100,"column":8},"end":{"line":102,"column":9}}]},"8":{"loc":{"start":{"line":117,"column":8},"end":{"line":118,"column":85}},"type":"if","locations":[{"start":{"line":117,"column":8},"end":{"line":118,"column":85}}]},"9":{"loc":{"start":{"line":122,"column":8},"end":{"line":123,"column":91}},"type":"if","locations":[{"start":{"line":122,"column":8},"end":{"line":123,"column":91}}]}},"s":{"0":0,"1":0,"2":0,"3":0,"4":0,"5":0,"6":0,"7":0,"8":0,"9":0,"10":0,"11":0,"12":0,"13":0,"14":0,"15":0,"16":0,"17":0,"18":0,"19":0,"20":0,"21":0,"22":0,"23":0,"24":0,"25":0,"26":0,"27":0,"28":0,"29":0,"30":0,"31":0,"32":0,"33":0,"34":0,"35":0,"36":0,"37":0,"38":0,"39":0,"40":0,"41":0,"42":0,"43":0,"44":0,"45":0,"46":0,"47":0},"f":{"0":0,"1":0,"2":0,"3":0,"4":0,"5":0,"6":0,"7":0,"8":0,"9":0,"10":0,"11":0},"b":{"0":[0],"1":[0],"2":[0],"3":[0,0],"4":[0],"5":[0],"6":[0],"7":[0],"8":[0],"9":[0]}}
,"C:\\Users\\Clemence\\Documents\\Projects\\lala-rental\\lala-rental-backend\\src\\controllers\\users.controller.ts": {"path":"C:\\Users\\Clemence\\Documents\\Projects\\lala-rental\\lala-rental-backend\\src\\controllers\\users.controller.ts","statementMap":{"0":{"start":{"line":11,"column":25},"end":{"line":20,"column":1}},"1":{"start":{"line":12,"column":4},"end":{"line":19,"column":7}},"2":{"start":{"line":13,"column":22},"end":{"line":13,"column":41}},"3":{"start":{"line":15,"column":8},"end":{"line":18,"column":11}},"4":{"start":{"line":28,"column":24},"end":{"line":38,"column":1}},"5":{"start":{"line":29,"column":4},"end":{"line":37,"column":7}},"6":{"start":{"line":30,"column":23},"end":{"line":30,"column":33}},"7":{"start":{"line":31,"column":21},"end":{"line":31,"column":42}},"8":{"start":{"line":33,"column":8},"end":{"line":34,"column":87}},"9":{"start":{"line":34,"column":12},"end":{"line":34,"column":87}},"10":{"start":{"line":36,"column":8},"end":{"line":36,"column":67}},"11":{"start":{"line":46,"column":26},"end":{"line":56,"column":1}},"12":{"start":{"line":47,"column":4},"end":{"line":55,"column":7}},"13":{"start":{"line":48,"column":23},"end":{"line":48,"column":33}},"14":{"start":{"line":49,"column":21},"end":{"line":49,"column":45}},"15":{"start":{"line":51,"column":8},"end":{"line":52,"column":87}},"16":{"start":{"line":52,"column":12},"end":{"line":52,"column":87}},"17":{"start":{"line":54,"column":8},"end":{"line":54,"column":93}}},"fnMap":{"0":{"name":"(anonymous_0)","decl":{"start":{"line":11,"column":25},"end":{"line":11,"column":30}},"loc":{"start":{"line":11,"column":64},"end":{"line":20,"column":1}}},"1":{"name":"(anonymous_1)","decl":{"start":{"line":12,"column":20},"end":{"line":12,"column":25}},"loc":{"start":{"line":12,"column":31},"end":{"line":19,"column":5}}},"2":{"name":"(anonymous_2)","decl":{"start":{"line":28,"column":24},"end":{"line":28,"column":29}},"loc":{"start":{"line":28,"column":62},"end":{"line":38,"column":1}}},"3":{"name":"(anonymous_3)","decl":{"start":{"line":29,"column":20},"end":{"line":29,"column":25}},"loc":{"start":{"line":29,"column":31},"end":{"line":37,"column":5}}},"4":{"name":"(anonymous_4)","decl":{"start":{"line":46,"column":26},"end":{"line":46,"column":31}},"loc":{"start":{"line":46,"column":64},"end":{"line":56,"column":1}}},"5":{"name":"(anonymous_5)","decl":{"start":{"line":47,"column":20},"end":{"line":47,"column":25}},"loc":{"start":{"line":47,"column":31},"end":{"line":55,"column":5}}}},"branchMap":{"0":{"loc":{"start":{"line":33,"column":8},"end":{"line":34,"column":87}},"type":"if","locations":[{"start":{"line":33,"column":8},"end":{"line":34,"column":87}}]},"1":{"loc":{"start":{"line":51,"column":8},"end":{"line":52,"column":87}},"type":"if","locations":[{"start":{"line":51,"column":8},"end":{"line":52,"column":87}}]}},"s":{"0":0,"1":0,"2":0,"3":0,"4":0,"5":0,"6":0,"7":0,"8":0,"9":0,"10":0,"11":0,"12":0,"13":0,"14":0,"15":0,"16":0,"17":0},"f":{"0":0,"1":0,"2":0,"3":0,"4":0,"5":0},"b":{"0":[0],"1":[0]}}
,"C:\\Users\\Clemence\\Documents\\Projects\\lala-rental\\lala-rental-backend\\src\\middleware\\auth.middleware.ts": {"path":"C:\\Users\\Clemence\\Documents\\Projects\\lala-rental\\lala-rental-backend\\src\\middleware\\auth.middleware.ts","statementMap":{"0":{"start":{"line":7,"column":0},"end":{"line":7,"column":16}},"1":{"start":{"line":9,"column":15},"end":{"line":9,"column":55}},"2":{"start":{"line":19,"column":30},"end":{"line":59,"column":1}},"3":{"start":{"line":24,"column":16},"end":{"line":24,"column":56}},"4":{"start":{"line":26,"column":2},"end":{"line":31,"column":3}},"5":{"start":{"line":27,"column":4},"end":{"line":30,"column":7}},"6":{"start":{"line":33,"column":2},"end":{"line":58,"column":5}},"7":{"start":{"line":34,"column":4},"end":{"line":52,"column":7}},"8":{"start":{"line":35,"column":6},"end":{"line":47,"column":7}},"9":{"start":{"line":36,"column":8},"end":{"line":46,"column":9}},"10":{"start":{"line":37,"column":10},"end":{"line":40,"column":13}},"11":{"start":{"line":42,"column":10},"end":{"line":45,"column":13}},"12":{"start":{"line":49,"column":7},"end":{"line":49,"column":43}},"13":{"start":{"line":51,"column":6},"end":{"line":51,"column":13}},"14":{"start":{"line":54,"column":4},"end":{"line":57,"column":7}}},"fnMap":{"0":{"name":"(anonymous_0)","decl":{"start":{"line":19,"column":30},"end":{"line":19,"column":null}},"loc":{"start":{"line":23,"column":4},"end":{"line":59,"column":1}}},"1":{"name":"(anonymous_1)","decl":{"start":{"line":33,"column":11},"end":{"line":33,"column":16}},"loc":{"start":{"line":33,"column":22},"end":{"line":53,"column":3}}},"2":{"name":"(anonymous_2)","decl":{"start":{"line":34,"column":30},"end":{"line":34,"column":31}},"loc":{"start":{"line":34,"column":47},"end":{"line":52,"column":5}}},"3":{"name":"(anonymous_3)","decl":{"start":{"line":53,"column":5},"end":{"line":53,"column":6}},"loc":{"start":{"line":53,"column":15},"end":{"line":58,"column":3}}}},"branchMap":{"0":{"loc":{"start":{"line":9,"column":15},"end":{"line":9,"column":55}},"type":"binary-expr","locations":[{"start":{"line":9,"column":15},"end":{"line":9,"column":37}},{"start":{"line":9,"column":42},"end":{"line":9,"column":55}}]},"1":{"loc":{"start":{"line":26,"column":2},"end":{"line":31,"column":3}},"type":"if","locations":[{"start":{"line":26,"column":2},"end":{"line":31,"column":3}}]},"2":{"loc":{"start":{"line":35,"column":6},"end":{"line":47,"column":7}},"type":"if","locations":[{"start":{"line":35,"column":6},"end":{"line":47,"column":7}}]},"3":{"loc":{"start":{"line":36,"column":8},"end":{"line":46,"column":9}},"type":"if","locations":[{"start":{"line":36,"column":8},"end":{"line":46,"column":9}},{"start":{"line":41,"column":15},"end":{"line":46,"column":9}}]}},"s":{"0":0,"1":0,"2":0,"3":0,"4":0,"5":0,"6":0,"7":0,"8":0,"9":0,"10":0,"11":0,"12":0,"13":0,"14":0},"f":{"0":0,"1":0,"2":0,"3":0},"b":{"0":[0,0],"1":[0],"2":[0],"3":[0,0]}}
,"C:\\Users\\Clemence\\Documents\\Projects\\lala-rental\\lala-rental-backend\\src\\middleware\\authorize.middleware.ts": {"path":"C:\\Users\\Clemence\\Documents\\Projects\\lala-rental\\lala-rental-backend\\src\\middleware\\authorize.middleware.ts","statementMap":{"0":{"start":{"line":5,"column":30},"end":{"line":14,"column":1}},"1":{"start":{"line":6,"column":2},"end":{"line":13,"column":4}},"2":{"start":{"line":7,"column":17},"end":{"line":7,"column":25}},"3":{"start":{"line":9,"column":4},"end":{"line":10,"column":98}},"4":{"start":{"line":10,"column":6},"end":{"line":10,"column":98}},"5":{"start":{"line":12,"column":4},"end":{"line":12,"column":11}}},"fnMap":{"0":{"name":"(anonymous_0)","decl":{"start":{"line":5,"column":30},"end":{"line":5,"column":31}},"loc":{"start":{"line":5,"column":48},"end":{"line":14,"column":1}}},"1":{"name":"(anonymous_1)","decl":{"start":{"line":6,"column":9},"end":{"line":6,"column":10}},"loc":{"start":{"line":6,"column":67},"end":{"line":13,"column":3}}}},"branchMap":{"0":{"loc":{"start":{"line":9,"column":4},"end":{"line":10,"column":98}},"type":"if","locations":[{"start":{"line":9,"column":4},"end":{"line":10,"column":98}}]},"1":{"loc":{"start":{"line":9,"column":8},"end":{"line":9,"column":43}},"type":"binary-expr","locations":[{"start":{"line":9,"column":8},"end":{"line":9,"column":13}},{"start":{"line":9,"column":17},"end":{"line":9,"column":43}}]}},"s":{"0":0,"1":0,"2":0,"3":0,"4":0,"5":0},"f":{"0":0,"1":0},"b":{"0":[0],"1":[0,0]}}
,"C:\\Users\\Clemence\\Documents\\Projects\\lala-rental\\lala-rental-backend\\src\\middleware\\upload.middleware.ts": {"path":"C:\\Users\\Clemence\\Documents\\Projects\\lala-rental\\lala-rental-backend\\src\\middleware\\upload.middleware.ts","statementMap":{"0":{"start":{"line":5,"column":16},"end":{"line":17,"column":2}},"1":{"start":{"line":7,"column":18},"end":{"line":7,"column":63}},"2":{"start":{"line":9,"column":6},"end":{"line":9,"column":70}},"3":{"start":{"line":9,"column":31},"end":{"line":9,"column":70}},"4":{"start":{"line":11,"column":6},"end":{"line":11,"column":20}},"5":{"start":{"line":14,"column":27},"end":{"line":14,"column":77}},"6":{"start":{"line":15,"column":6},"end":{"line":15,"column":71}},"7":{"start":{"line":19,"column":22},"end":{"line":19,"column":50}}},"fnMap":{"0":{"name":"(anonymous_0)","decl":{"start":{"line":6,"column":17},"end":{"line":6,"column":27}},"loc":{"start":{"line":6,"column":42},"end":{"line":12,"column":5}}},"1":{"name":"(anonymous_1)","decl":{"start":{"line":13,"column":14},"end":{"line":13,"column":24}},"loc":{"start":{"line":13,"column":38},"end":{"line":16,"column":5}}}},"branchMap":{"0":{"loc":{"start":{"line":9,"column":6},"end":{"line":9,"column":70}},"type":"if","locations":[{"start":{"line":9,"column":6},"end":{"line":9,"column":70}}]}},"s":{"0":0,"1":0,"2":0,"3":0,"4":0,"5":0,"6":0,"7":0},"f":{"0":0,"1":0},"b":{"0":[0]}}
,"C:\\Users\\Clemence\\Documents\\Projects\\lala-rental\\lala-rental-backend\\src\\models\\booking.model.ts": {"path":"C:\\Users\\Clemence\\Documents\\Projects\\lala-rental\\lala-rental-backend\\src\\models\\booking.model.ts","statementMap":{"0":{"start":{"line":4,"column":15},"end":{"line":4,"column":33}},"1":{"start":{"line":11,"column":29},"end":{"line":20,"column":1}},"2":{"start":{"line":15,"column":18},"end":{"line":17,"column":4}},"3":{"start":{"line":19,"column":2},"end":{"line":19,"column":17}},"4":{"start":{"line":26,"column":30},"end":{"line":37,"column":1}},"5":{"start":{"line":30,"column":18},"end":{"line":35,"column":4}},"6":{"start":{"line":36,"column":2},"end":{"line":36,"column":17}},"7":{"start":{"line":43,"column":30},"end":{"line":46,"column":1}},"8":{"start":{"line":44,"column":19},"end":{"line":44,"column":73}},"9":{"start":{"line":45,"column":2},"end":{"line":45,"column":18}},"10":{"start":{"line":53,"column":36},"end":{"line":59,"column":1}},"11":{"start":{"line":54,"column":19},"end":{"line":56,"column":4}},"12":{"start":{"line":58,"column":2},"end":{"line":58,"column":18}},"13":{"start":{"line":66,"column":39},"end":{"line":73,"column":1}},"14":{"start":{"line":67,"column":21},"end":{"line":71,"column":6}},"15":{"start":{"line":72,"column":4},"end":{"line":72,"column":20}},"16":{"start":{"line":81,"column":29},"end":{"line":90,"column":1}},"17":{"start":{"line":85,"column":18},"end":{"line":88,"column":4}},"18":{"start":{"line":89,"column":2},"end":{"line":89,"column":17}},"19":{"start":{"line":97,"column":29},"end":{"line":105,"column":1}},"20":{"start":{"line":101,"column":18},"end":{"line":103,"column":4}},"21":{"start":{"line":104,"column":2},"end":{"line":104,"column":17}}},"fnMap":{"0":{"name":"(anonymous_0)","decl":{"start":{"line":11,"column":29},"end":{"line":11,"column":34}},"loc":{"start":{"line":14,"column":23},"end":{"line":20,"column":1}}},"1":{"name":"(anonymous_1)","decl":{"start":{"line":26,"column":30},"end":{"line":26,"column":35}},"loc":{"start":{"line":29,"column":30},"end":{"line":37,"column":1}}},"2":{"name":"(anonymous_2)","decl":{"start":{"line":43,"column":30},"end":{"line":43,"column":35}},"loc":{"start":{"line":43,"column":79},"end":{"line":46,"column":1}}},"3":{"name":"(anonymous_3)","decl":{"start":{"line":53,"column":36},"end":{"line":53,"column":41}},"loc":{"start":{"line":53,"column":82},"end":{"line":59,"column":1}}},"4":{"name":"(anonymous_4)","decl":{"start":{"line":66,"column":39},"end":{"line":66,"column":44}},"loc":{"start":{"line":66,"column":89},"end":{"line":73,"column":1}}},"5":{"name":"(anonymous_5)","decl":{"start":{"line":81,"column":29},"end":{"line":81,"column":34}},"loc":{"start":{"line":84,"column":23},"end":{"line":90,"column":1}}},"6":{"name":"(anonymous_6)","decl":{"start":{"line":97,"column":29},"end":{"line":97,"column":34}},"loc":{"start":{"line":100,"column":23},"end":{"line":105,"column":1}}}},"branchMap":{"0":{"loc":{"start":{"line":33,"column":10},"end":{"line":33,"column":34}},"type":"binary-expr","locations":[{"start":{"line":33,"column":10},"end":{"line":33,"column":18}},{"start":{"line":33,"column":22},"end":{"line":33,"column":34}}]},"1":{"loc":{"start":{"line":102,"column":21},"end":{"line":102,"column":45}},"type":"binary-expr","locations":[{"start":{"line":102,"column":21},"end":{"line":102,"column":29}},{"start":{"line":102,"column":33},"end":{"line":102,"column":45}}]}},"s":{"0":0,"1":0,"2":0,"3":0,"4":0,"5":0,"6":0,"7":0,"8":0,"9":0,"10":0,"11":0,"12":0,"13":0,"14":0,"15":0,"16":0,"17":0,"18":0,"19":0,"20":0,"21":0},"f":{"0":0,"1":0,"2":0,"3":0,"4":0,"5":0,"6":0},"b":{"0":[0,0],"1":[0,0]}}
,"C:\\Users\\Clemence\\Documents\\Projects\\lala-rental\\lala-rental-backend\\src\\models\\property.model.ts": {"path":"C:\\Users\\Clemence\\Documents\\Projects\\lala-rental\\lala-rental-backend\\src\\models\\property.model.ts","statementMap":{"0":{"start":{"line":4,"column":15},"end":{"line":4,"column":33}},"1":{"start":{"line":11,"column":30},"end":{"line":20,"column":1}},"2":{"start":{"line":15,"column":19},"end":{"line":17,"column":4}},"3":{"start":{"line":19,"column":2},"end":{"line":19,"column":18}},"4":{"start":{"line":26,"column":31},"end":{"line":36,"column":1}},"5":{"start":{"line":30,"column":19},"end":{"line":34,"column":4}},"6":{"start":{"line":35,"column":2},"end":{"line":35,"column":18}},"7":{"start":{"line":42,"column":32},"end":{"line":45,"column":1}},"8":{"start":{"line":43,"column":21},"end":{"line":43,"column":75}},"9":{"start":{"line":44,"column":2},"end":{"line":44,"column":20}},"10":{"start":{"line":53,"column":30},"end":{"line":62,"column":1}},"11":{"start":{"line":57,"column":19},"end":{"line":60,"column":4}},"12":{"start":{"line":61,"column":2},"end":{"line":61,"column":18}},"13":{"start":{"line":69,"column":30},"end":{"line":72,"column":1}},"14":{"start":{"line":70,"column":19},"end":{"line":70,"column":95}},"15":{"start":{"line":71,"column":2},"end":{"line":71,"column":18}}},"fnMap":{"0":{"name":"(anonymous_0)","decl":{"start":{"line":11,"column":30},"end":{"line":11,"column":35}},"loc":{"start":{"line":14,"column":24},"end":{"line":20,"column":1}}},"1":{"name":"(anonymous_1)","decl":{"start":{"line":26,"column":31},"end":{"line":26,"column":36}},"loc":{"start":{"line":29,"column":31},"end":{"line":36,"column":1}}},"2":{"name":"(anonymous_2)","decl":{"start":{"line":42,"column":32},"end":{"line":42,"column":37}},"loc":{"start":{"line":42,"column":80},"end":{"line":45,"column":1}}},"3":{"name":"(anonymous_3)","decl":{"start":{"line":53,"column":30},"end":{"line":53,"column":35}},"loc":{"start":{"line":56,"column":24},"end":{"line":62,"column":1}}},"4":{"name":"(anonymous_4)","decl":{"start":{"line":69,"column":30},"end":{"line":69,"column":35}},"loc":{"start":{"line":69,"column":88},"end":{"line":72,"column":1}}}},"branchMap":{"0":{"loc":{"start":{"line":32,"column":14},"end":{"line":32,"column":34}},"type":"binary-expr","locations":[{"start":{"line":32,"column":14},"end":{"line":32,"column":20}},{"start":{"line":32,"column":24},"end":{"line":32,"column":34}}]},"1":{"loc":{"start":{"line":70,"column":68},"end":{"line":70,"column":88}},"type":"binary-expr","locations":[{"start":{"line":70,"column":68},"end":{"line":70,"column":74}},{"start":{"line":70,"column":78},"end":{"line":70,"column":88}}]}},"s":{"0":0,"1":0,"2":0,"3":0,"4":0,"5":0,"6":0,"7":0,"8":0,"9":0,"10":0,"11":0,"12":0,"13":0,"14":0,"15":0},"f":{"0":0,"1":0,"2":0,"3":0,"4":0},"b":{"0":[0,0],"1":[0,0]}}
,"C:\\Users\\Clemence\\Documents\\Projects\\lala-rental\\lala-rental-backend\\src\\models\\user.model.ts": {"path":"C:\\Users\\Clemence\\Documents\\Projects\\lala-rental\\lala-rental-backend\\src\\models\\user.model.ts","statementMap":{"0":{"start":{"line":4,"column":15},"end":{"line":4,"column":33}},"1":{"start":{"line":11,"column":26},"end":{"line":19,"column":1}},"2":{"start":{"line":14,"column":15},"end":{"line":16,"column":4}},"3":{"start":{"line":18,"column":2},"end":{"line":18,"column":14}},"4":{"start":{"line":25,"column":27},"end":{"line":28,"column":1}},"5":{"start":{"line":26,"column":15},"end":{"line":26,"column":62}},"6":{"start":{"line":27,"column":2},"end":{"line":27,"column":14}},"7":{"start":{"line":35,"column":30},"end":{"line":38,"column":1}},"8":{"start":{"line":36,"column":15},"end":{"line":36,"column":65}},"9":{"start":{"line":37,"column":2},"end":{"line":37,"column":14}},"10":{"start":{"line":44,"column":27},"end":{"line":47,"column":1}},"11":{"start":{"line":45,"column":16},"end":{"line":45,"column":44}},"12":{"start":{"line":46,"column":2},"end":{"line":46,"column":15}},"13":{"start":{"line":55,"column":26},"end":{"line":61,"column":1}},"14":{"start":{"line":59,"column":15},"end":{"line":59,"column":74}},"15":{"start":{"line":60,"column":2},"end":{"line":60,"column":14}},"16":{"start":{"line":68,"column":30},"end":{"line":71,"column":1}},"17":{"start":{"line":69,"column":15},"end":{"line":69,"column":58}},"18":{"start":{"line":70,"column":2},"end":{"line":70,"column":14}}},"fnMap":{"0":{"name":"(anonymous_0)","decl":{"start":{"line":11,"column":26},"end":{"line":11,"column":31}},"loc":{"start":{"line":13,"column":20},"end":{"line":19,"column":1}}},"1":{"name":"(anonymous_1)","decl":{"start":{"line":25,"column":27},"end":{"line":25,"column":32}},"loc":{"start":{"line":25,"column":71},"end":{"line":28,"column":1}}},"2":{"name":"(anonymous_2)","decl":{"start":{"line":35,"column":30},"end":{"line":35,"column":35}},"loc":{"start":{"line":35,"column":77},"end":{"line":38,"column":1}}},"3":{"name":"(anonymous_3)","decl":{"start":{"line":44,"column":27},"end":{"line":44,"column":32}},"loc":{"start":{"line":44,"column":56},"end":{"line":47,"column":1}}},"4":{"name":"(anonymous_4)","decl":{"start":{"line":55,"column":26},"end":{"line":55,"column":31}},"loc":{"start":{"line":58,"column":20},"end":{"line":61,"column":1}}},"5":{"name":"(anonymous_5)","decl":{"start":{"line":68,"column":30},"end":{"line":68,"column":35}},"loc":{"start":{"line":68,"column":67},"end":{"line":71,"column":1}}}},"branchMap":{},"s":{"0":0,"1":0,"2":0,"3":0,"4":0,"5":0,"6":0,"7":0,"8":0,"9":0,"10":0,"11":0,"12":0,"13":0,"14":0,"15":0,"16":0,"17":0,"18":0},"f":{"0":0,"1":0,"2":0,"3":0,"4":0,"5":0},"b":{}}
,"C:\\Users\\Clemence\\Documents\\Projects\\lala-rental\\lala-rental-backend\\src\\routes\\auth.routes.ts": {"path":"C:\\Users\\Clemence\\Documents\\Projects\\lala-rental\\lala-rental-backend\\src\\routes\\auth.routes.ts","statementMap":{"0":{"start":{"line":4,"column":15},"end":{"line":4,"column":31}},"1":{"start":{"line":18,"column":0},"end":{"line":18,"column":56}},"2":{"start":{"line":32,"column":0},"end":{"line":32,"column":50}}},"fnMap":{},"branchMap":{},"s":{"0":0,"1":0,"2":0},"f":{},"b":{}}
,"C:\\Users\\Clemence\\Documents\\Projects\\lala-rental\\lala-rental-backend\\src\\routes\\booking.routes.ts": {"path":"C:\\Users\\Clemence\\Documents\\Projects\\lala-rental\\lala-rental-backend\\src\\routes\\booking.routes.ts","statementMap":{"0":{"start":{"line":5,"column":15},"end":{"line":5,"column":31}},"1":{"start":{"line":19,"column":0},"end":{"line":19,"column":65}},"2":{"start":{"line":33,"column":0},"end":{"line":33,"column":73}},"3":{"start":{"line":56,"column":0},"end":{"line":56,"column":96}},"4":{"start":{"line":76,"column":0},"end":{"line":76,"column":67}},"5":{"start":{"line":92,"column":0},"end":{"line":92,"column":67}},"6":{"start":{"line":108,"column":0},"end":{"line":108,"column":70}},"7":{"start":{"line":124,"column":0},"end":{"line":124,"column":72}}},"fnMap":{},"branchMap":{},"s":{"0":0,"1":0,"2":0,"3":0,"4":0,"5":0,"6":0,"7":0},"f":{},"b":{}}
,"C:\\Users\\Clemence\\Documents\\Projects\\lala-rental\\lala-rental-backend\\src\\routes\\index.routes.ts": {"path":"C:\\Users\\Clemence\\Documents\\Projects\\lala-rental\\lala-rental-backend\\src\\routes\\index.routes.ts","statementMap":{"0":{"start":{"line":8,"column":15},"end":{"line":8,"column":31}},"1":{"start":{"line":14,"column":0},"end":{"line":16,"column":3}},"2":{"start":{"line":15,"column":4},"end":{"line":15,"column":43}},"3":{"start":{"line":22,"column":0},"end":{"line":22,"column":32}},"4":{"start":{"line":28,"column":0},"end":{"line":28,"column":43}},"5":{"start":{"line":34,"column":0},"end":{"line":34,"column":40}},"6":{"start":{"line":40,"column":0},"end":{"line":40,"column":34}}},"fnMap":{"0":{"name":"(anonymous_0)","decl":{"start":{"line":14,"column":16},"end":{"line":14,"column":17}},"loc":{"start":{"line":14,"column":30},"end":{"line":16,"column":1}}}},"branchMap":{},"s":{"0":0,"1":0,"2":0,"3":0,"4":0,"5":0,"6":0},"f":{"0":0},"b":{}}
,"C:\\Users\\Clemence\\Documents\\Projects\\lala-rental\\lala-rental-backend\\src\\routes\\properties.routes.ts": {"path":"C:\\Users\\Clemence\\Documents\\Projects\\lala-rental\\lala-rental-backend\\src\\routes\\properties.routes.ts","statementMap":{"0":{"start":{"line":8,"column":15},"end":{"line":8,"column":31}},"1":{"start":{"line":22,"column":0},"end":{"line":22,"column":53}},"2":{"start":{"line":43,"column":0},"end":{"line":43,"column":54}},"3":{"start":{"line":57,"column":0},"end":{"line":57,"column":126}},"4":{"start":{"line":78,"column":0},"end":{"line":78,"column":129}},"5":{"start":{"line":99,"column":0},"end":{"line":99,"column":104}}},"fnMap":{},"branchMap":{},"s":{"0":0,"1":0,"2":0,"3":0,"4":0,"5":0},"f":{},"b":{}}
,"C:\\Users\\Clemence\\Documents\\Projects\\lala-rental\\lala-rental-backend\\src\\routes\\user.routes.ts": {"path":"C:\\Users\\Clemence\\Documents\\Projects\\lala-rental\\lala-rental-backend\\src\\routes\\user.routes.ts","statementMap":{"0":{"start":{"line":7,"column":15},"end":{"line":7,"column":31}},"1":{"start":{"line":21,"column":0},"end":{"line":21,"column":89}},"2":{"start":{"line":44,"column":0},"end":{"line":44,"column":91}},"3":{"start":{"line":67,"column":0},"end":{"line":67,"column":96}}},"fnMap":{},"branchMap":{},"s":{"0":0,"1":0,"2":0,"3":0},"f":{},"b":{}}
,"C:\\Users\\Clemence\\Documents\\Projects\\lala-rental\\lala-rental-backend\\src\\services\\auth.service.ts": {"path":"C:\\Users\\Clemence\\Documents\\Projects\\lala-rental\\lala-rental-backend\\src\\services\\auth.service.ts","statementMap":{"0":{"start":{"line":8,"column":0},"end":{"line":8,"column":16}},"1":{"start":{"line":10,"column":19},"end":{"line":10,"column":51}},"2":{"start":{"line":19,"column":39},"end":{"line":29,"column":1}},"3":{"start":{"line":20,"column":21},"end":{"line":20,"column":45}},"4":{"start":{"line":21,"column":35},"end":{"line":21,"column":45}},"5":{"start":{"line":23,"column":13},"end":{"line":23,"column":40}},"6":{"start":{"line":25,"column":2},"end":{"line":26,"column":81}},"7":{"start":{"line":26,"column":4},"end":{"line":26,"column":81}},"8":{"start":{"line":28,"column":2},"end":{"line":28,"column":14}},"9":{"start":{"line":36,"column":29},"end":{"line":39,"column":1}},"10":{"start":{"line":37,"column":31},"end":{"line":37,"column":50}},"11":{"start":{"line":38,"column":2},"end":{"line":38,"column":92}}},"fnMap":{"0":{"name":"(anonymous_0)","decl":{"start":{"line":19,"column":39},"end":{"line":19,"column":44}},"loc":{"start":{"line":19,"column":63},"end":{"line":29,"column":1}}},"1":{"name":"(anonymous_1)","decl":{"start":{"line":36,"column":29},"end":{"line":36,"column":34}},"loc":{"start":{"line":36,"column":51},"end":{"line":39,"column":1}}}},"branchMap":{"0":{"loc":{"start":{"line":25,"column":2},"end":{"line":26,"column":81}},"type":"if","locations":[{"start":{"line":25,"column":2},"end":{"line":26,"column":81}}]}},"s":{"0":0,"1":0,"2":0,"3":0,"4":0,"5":0,"6":0,"7":0,"8":0,"9":0,"10":0,"11":0},"f":{"0":0,"1":0},"b":{"0":[0]}}
,"C:\\Users\\Clemence\\Documents\\Projects\\lala-rental\\lala-rental-backend\\src\\services\\bookings.service.ts": {"path":"C:\\Users\\Clemence\\Documents\\Projects\\lala-rental\\lala-rental-backend\\src\\services\\bookings.service.ts","statementMap":{"0":{"start":{"line":5,"column":15},"end":{"line":5,"column":33}},"1":{"start":{"line":13,"column":28},"end":{"line":26,"column":1}},"2":{"start":{"line":14,"column":29},"end":{"line":23,"column":6}},"3":{"start":{"line":25,"column":4},"end":{"line":25,"column":39}},"4":{"start":{"line":33,"column":29},"end":{"line":43,"column":1}},"5":{"start":{"line":34,"column":64},"end":{"line":34,"column":77}},"6":{"start":{"line":35,"column":29},"end":{"line":35,"column":85}},"7":{"start":{"line":37,"column":4},"end":{"line":38,"column":77}},"8":{"start":{"line":38,"column":8},"end":{"line":38,"column":77}},"9":{"start":{"line":40,"column":20},"end":{"line":40,"column":92}},"10":{"start":{"line":42,"column":4},"end":{"line":42,"column":19}},"11":{"start":{"line":50,"column":35},"end":{"line":64,"column":1}},"12":{"start":{"line":51,"column":68},"end":{"line":51,"column":81}},"13":{"start":{"line":52,"column":29},"end":{"line":52,"column":89}},"14":{"start":{"line":54,"column":4},"end":{"line":55,"column":77}},"15":{"start":{"line":55,"column":8},"end":{"line":55,"column":77}},"16":{"start":{"line":57,"column":20},"end":{"line":59,"column":6}},"17":{"start":{"line":61,"column":4},"end":{"line":61,"column":55}},"18":{"start":{"line":61,"column":18},"end":{"line":61,"column":55}},"19":{"start":{"line":63,"column":4},"end":{"line":63,"column":19}}},"fnMap":{"0":{"name":"(anonymous_0)","decl":{"start":{"line":13,"column":28},"end":{"line":13,"column":33}},"loc":{"start":{"line":13,"column":115},"end":{"line":26,"column":1}}},"1":{"name":"(anonymous_1)","decl":{"start":{"line":33,"column":29},"end":{"line":33,"column":34}},"loc":{"start":{"line":33,"column":122},"end":{"line":43,"column":1}}},"2":{"name":"(anonymous_2)","decl":{"start":{"line":50,"column":35},"end":{"line":50,"column":40}},"loc":{"start":{"line":50,"column":121},"end":{"line":64,"column":1}}}},"branchMap":{"0":{"loc":{"start":{"line":19,"column":16},"end":{"line":21,"column":14}},"type":"binary-expr","locations":[{"start":{"line":19,"column":16},"end":{"line":19,"column":32}},{"start":{"line":19,"column":36},"end":{"line":21,"column":14}}]},"1":{"loc":{"start":{"line":37,"column":4},"end":{"line":38,"column":77}},"type":"if","locations":[{"start":{"line":37,"column":4},"end":{"line":38,"column":77}}]},"2":{"loc":{"start":{"line":54,"column":4},"end":{"line":55,"column":77}},"type":"if","locations":[{"start":{"line":54,"column":4},"end":{"line":55,"column":77}}]},"3":{"loc":{"start":{"line":61,"column":4},"end":{"line":61,"column":55}},"type":"if","locations":[{"start":{"line":61,"column":4},"end":{"line":61,"column":55}}]}},"s":{"0":0,"1":0,"2":0,"3":0,"4":0,"5":0,"6":0,"7":0,"8":0,"9":0,"10":0,"11":0,"12":0,"13":0,"14":0,"15":0,"16":0,"17":0,"18":0,"19":0},"f":{"0":0,"1":0,"2":0},"b":{"0":[0,0],"1":[0],"2":[0],"3":[0]}}
,"C:\\Users\\Clemence\\Documents\\Projects\\lala-rental\\lala-rental-backend\\src\\services\\cloudnary.service.ts": {"path":"C:\\Users\\Clemence\\Documents\\Projects\\lala-rental\\lala-rental-backend\\src\\services\\cloudnary.service.ts","statementMap":{"0":{"start":{"line":4,"column":0},"end":{"line":4,"column":16}},"1":{"start":{"line":6,"column":0},"end":{"line":10,"column":3}},"2":{"start":{"line":12,"column":27},"end":{"line":17,"column":1}},"3":{"start":{"line":13,"column":19},"end":{"line":13,"column":61}},"4":{"start":{"line":14,"column":21},"end":{"line":14,"column":38}},"5":{"start":{"line":16,"column":4},"end":{"line":16,"column":20}}},"fnMap":{"0":{"name":"(anonymous_0)","decl":{"start":{"line":12,"column":27},"end":{"line":12,"column":32}},"loc":{"start":{"line":12,"column":78},"end":{"line":17,"column":1}}}},"branchMap":{},"s":{"0":0,"1":0,"2":0,"3":0,"4":0,"5":0},"f":{"0":0},"b":{}}
,"C:\\Users\\Clemence\\Documents\\Projects\\lala-rental\\lala-rental-backend\\src\\services\\googleauth.service.ts": {"path":"C:\\Users\\Clemence\\Documents\\Projects\\lala-rental\\lala-rental-backend\\src\\services\\googleauth.service.ts","statementMap":{"0":{"start":{"line":4,"column":0},"end":{"line":4,"column":16}},"1":{"start":{"line":12,"column":4},"end":{"line":24,"column":5}},"2":{"start":{"line":13,"column":25},"end":{"line":17,"column":10}},"3":{"start":{"line":19,"column":41},"end":{"line":19,"column":54}},"4":{"start":{"line":20,"column":8},"end":{"line":20,"column":40}},"5":{"start":{"line":22,"column":8},"end":{"line":22,"column":56}},"6":{"start":{"line":23,"column":8},"end":{"line":23,"column":61}}},"fnMap":{"0":{"name":"getUserInfo","decl":{"start":{"line":11,"column":22},"end":{"line":11,"column":33}},"loc":{"start":{"line":11,"column":53},"end":{"line":25,"column":1}}}},"branchMap":{},"s":{"0":0,"1":0,"2":0,"3":0,"4":0,"5":0,"6":0},"f":{"0":0},"b":{}}
,"C:\\Users\\Clemence\\Documents\\Projects\\lala-rental\\lala-rental-backend\\src\\services\\properties.service.ts": {"path":"C:\\Users\\Clemence\\Documents\\Projects\\lala-rental\\lala-rental-backend\\src\\services\\properties.service.ts","statementMap":{"0":{"start":{"line":3,"column":28},"end":{"line":12,"column":1}},"1":{"start":{"line":4,"column":32},"end":{"line":4,"column":34}},"2":{"start":{"line":6,"column":4},"end":{"line":9,"column":5}},"3":{"start":{"line":7,"column":25},"end":{"line":7,"column":53}},"4":{"start":{"line":8,"column":8},"end":{"line":8,"column":47}},"5":{"start":{"line":8,"column":22},"end":{"line":8,"column":47}},"6":{"start":{"line":11,"column":4},"end":{"line":11,"column":21}}},"fnMap":{"0":{"name":"(anonymous_0)","decl":{"start":{"line":3,"column":28},"end":{"line":3,"column":33}},"loc":{"start":{"line":3,"column":94},"end":{"line":12,"column":1}}}},"branchMap":{"0":{"loc":{"start":{"line":8,"column":8},"end":{"line":8,"column":47}},"type":"if","locations":[{"start":{"line":8,"column":8},"end":{"line":8,"column":47}}]}},"s":{"0":0,"1":0,"2":0,"3":0,"4":0,"5":0,"6":0},"f":{"0":0},"b":{"0":[0]}}
,"C:\\Users\\Clemence\\Documents\\Projects\\lala-rental\\lala-rental-backend\\src\\utils\\response.util.ts": {"path":"C:\\Users\\Clemence\\Documents\\Projects\\lala-rental\\lala-rental-backend\\src\\utils\\response.util.ts","statementMap":{"0":{"start":{"line":3,"column":31},"end":{"line":15,"column":1}},"1":{"start":{"line":10,"column":2},"end":{"line":14,"column":5}}},"fnMap":{"0":{"name":"(anonymous_0)","decl":{"start":{"line":3,"column":31},"end":{"line":3,"column":null}},"loc":{"start":{"line":9,"column":4},"end":{"line":15,"column":1}}}},"branchMap":{"0":{"loc":{"start":{"line":10,"column":20},"end":{"line":10,"column":37}},"type":"binary-expr","locations":[{"start":{"line":10,"column":20},"end":{"line":10,"column":30}},{"start":{"line":10,"column":34},"end":{"line":10,"column":37}}]},"1":{"loc":{"start":{"line":11,"column":13},"end":{"line":11,"column":28}},"type":"binary-expr","locations":[{"start":{"line":11,"column":13},"end":{"line":11,"column":20}},{"start":{"line":11,"column":24},"end":{"line":11,"column":28}}]},"2":{"loc":{"start":{"line":13,"column":10},"end":{"line":13,"column":20}},"type":"binary-expr","locations":[{"start":{"line":13,"column":10},"end":{"line":13,"column":14}},{"start":{"line":13,"column":18},"end":{"line":13,"column":20}}]}},"s":{"0":0,"1":0},"f":{"0":0},"b":{"0":[0,0],"1":[0,0],"2":[0,0]}}
,"C:\\Users\\Clemence\\Documents\\Projects\\lala-rental\\lala-rental-backend\\src\\utils\\swagger.util.ts": {"path":"C:\\Users\\Clemence\\Documents\\Projects\\lala-rental\\lala-rental-backend\\src\\utils\\swagger.util.ts","statementMap":{"0":{"start":{"line":6,"column":0},"end":{"line":6,"column":16}},"1":{"start":{"line":9,"column":38},"end":{"line":25,"column":2}},"2":{"start":{"line":28,"column":20},"end":{"line":28,"column":41}},"3":{"start":{"line":30,"column":28},"end":{"line":33,"column":1}},"4":{"start":{"line":31,"column":2},"end":{"line":31,"column":70}},"5":{"start":{"line":32,"column":2},"end":{"line":32,"column":65}}},"fnMap":{"0":{"name":"(anonymous_0)","decl":{"start":{"line":30,"column":28},"end":{"line":30,"column":29}},"loc":{"start":{"line":30,"column":45},"end":{"line":33,"column":1}}}},"branchMap":{},"s":{"0":0,"1":0,"2":0,"3":0,"4":0,"5":0},"f":{"0":0},"b":{}}
,"C:\\Users\\Clemence\\Documents\\Projects\\lala-rental\\lala-rental-backend\\src\\utils\\trycatch.util.ts": {"path":"C:\\Users\\Clemence\\Documents\\Projects\\lala-rental\\lala-rental-backend\\src\\utils\\trycatch.util.ts","statementMap":{"0":{"start":{"line":4,"column":24},"end":{"line":12,"column":1}},"1":{"start":{"line":5,"column":2},"end":{"line":11,"column":3}},"2":{"start":{"line":6,"column":4},"end":{"line":6,"column":28}},"3":{"start":{"line":8,"column":4},"end":{"line":10,"column":5}},"4":{"start":{"line":9,"column":6},"end":{"line":9,"column":37}}},"fnMap":{"0":{"name":"(anonymous_0)","decl":{"start":{"line":4,"column":24},"end":{"line":4,"column":29}},"loc":{"start":{"line":4,"column":106},"end":{"line":12,"column":1}}}},"branchMap":{"0":{"loc":{"start":{"line":8,"column":4},"end":{"line":10,"column":5}},"type":"if","locations":[{"start":{"line":8,"column":4},"end":{"line":10,"column":5}}]}},"s":{"0":0,"1":0,"2":0,"3":0,"4":0},"f":{"0":0},"b":{"0":[0]}}
,"C:\\Users\\Clemence\\Documents\\Projects\\lala-rental\\lala-rental-backend\\src\\validations\\booking.validation.ts": {"path":"C:\\Users\\Clemence\\Documents\\Projects\\lala-rental\\lala-rental-backend\\src\\validations\\booking.validation.ts","statementMap":{"0":{"start":{"line":4,"column":14},"end":{"line":4,"column":24}},"1":{"start":{"line":6,"column":29},"end":{"line":26,"column":2}},"2":{"start":{"line":9,"column":34},"end":{"line":9,"column":48}},"3":{"start":{"line":10,"column":8},"end":{"line":10,"column":35}},"4":{"start":{"line":15,"column":35},"end":{"line":15,"column":49}},"5":{"start":{"line":16,"column":34},"end":{"line":16,"column":59}},"6":{"start":{"line":18,"column":8},"end":{"line":23,"column":9}},"7":{"start":{"line":19,"column":12},"end":{"line":22,"column":15}}},"fnMap":{"0":{"name":"(anonymous_0)","decl":{"start":{"line":8,"column":31},"end":{"line":8,"column":32}},"loc":{"start":{"line":8,"column":57},"end":{"line":11,"column":5}}},"1":{"name":"(anonymous_1)","decl":{"start":{"line":14,"column":37},"end":{"line":14,"column":38}},"loc":{"start":{"line":14,"column":80},"end":{"line":24,"column":5}}}},"branchMap":{"0":{"loc":{"start":{"line":18,"column":8},"end":{"line":23,"column":9}},"type":"if","locations":[{"start":{"line":18,"column":8},"end":{"line":23,"column":9}}]}},"s":{"0":0,"1":0,"2":0,"3":0,"4":0,"5":0,"6":0,"7":0},"f":{"0":0,"1":0},"b":{"0":[0]}}
,"C:\\Users\\Clemence\\Documents\\Projects\\lala-rental\\lala-rental-backend\\src\\validations\\property.validation.ts": {"path":"C:\\Users\\Clemence\\Documents\\Projects\\lala-rental\\lala-rental-backend\\src\\validations\\property.validation.ts","statementMap":{"0":{"start":{"line":3,"column":30},"end":{"line":8,"column":2}}},"fnMap":{},"branchMap":{},"s":{"0":0},"f":{},"b":{}}
}
