TN:
SF:src\index.ts
FN:25,(anonymous_0)
FNF:1
FNH:0
FNDA:0,(anonymous_0)
DA:9,0
DA:11,0
DA:12,0
DA:14,0
DA:15,0
DA:16,0
DA:18,0
DA:19,0
DA:21,0
DA:23,0
DA:25,0
DA:26,0
LF:12
LH:0
BRDA:12,0,0,0
BRDA:12,0,1,0
BRF:2
BRH:0
end_of_record
TN:
SF:src\controllers\auth.controller.ts
FN:15,(anonymous_0)
FN:16,(anonymous_1)
FN:27,(anonymous_2)
FN:42,(anonymous_3)
FN:43,(anonymous_4)
FN:44,(anonymous_5)
FNF:6
FNH:0
FNDA:0,(anonymous_0)
FNDA:0,(anonymous_1)
FNDA:0,(anonymous_2)
FNDA:0,(anonymous_3)
FNDA:0,(anonymous_4)
FNDA:0,(anonymous_5)
DA:6,0
DA:15,0
DA:16,0
DA:17,0
DA:18,0
DA:19,0
DA:21,0
DA:28,0
DA:42,0
DA:43,0
DA:44,0
DA:45,0
DA:46,0
DA:52,0
LF:14
LH:0
BRDA:45,0,0,0
BRF:1
BRH:0
end_of_record
TN:
SF:src\controllers\bookings.controller.ts
FN:19,(anonymous_0)
FN:20,(anonymous_1)
FN:40,(anonymous_2)
FN:41,(anonymous_3)
FN:57,(anonymous_4)
FN:58,(anonymous_5)
FN:75,(anonymous_6)
FN:76,(anonymous_7)
FN:98,(anonymous_8)
FN:99,(anonymous_9)
FN:115,(anonymous_10)
FN:130,(anonymous_11)
FN:131,(anonymous_12)
FN:152,(anonymous_13)
FN:163,(anonymous_14)
FN:164,(anonymous_15)
FNF:16
FNH:0
FNDA:0,(anonymous_0)
FNDA:0,(anonymous_1)
FNDA:0,(anonymous_2)
FNDA:0,(anonymous_3)
FNDA:0,(anonymous_4)
FNDA:0,(anonymous_5)
FNDA:0,(anonymous_6)
FNDA:0,(anonymous_7)
FNDA:0,(anonymous_8)
FNDA:0,(anonymous_9)
FNDA:0,(anonymous_10)
FNDA:0,(anonymous_11)
FNDA:0,(anonymous_12)
FNDA:0,(anonymous_13)
FNDA:0,(anonymous_14)
FNDA:0,(anonymous_15)
DA:19,0
DA:20,0
DA:21,0
DA:23,0
DA:24,0
DA:26,0
DA:28,0
DA:40,0
DA:41,0
DA:42,0
DA:44,0
DA:57,0
DA:58,0
DA:59,0
DA:60,0
DA:62,0
DA:75,0
DA:76,0
DA:77,0
DA:78,0
DA:80,0
DA:81,0
DA:83,0
DA:85,0
DA:86,0
DA:88,0
DA:98,0
DA:99,0
DA:100,0
DA:101,0
DA:103,0
DA:104,0
DA:106,0
DA:114,0
DA:116,0
DA:117,0
DA:120,0
DA:130,0
DA:131,0
DA:132,0
DA:133,0
DA:134,0
DA:136,0
DA:137,0
DA:139,0
DA:148,0
DA:149,0
DA:151,0
DA:153,0
DA:163,0
DA:164,0
DA:165,0
DA:166,0
DA:168,0
DA:169,0
DA:171,0
DA:173,0
DA:174,0
DA:176,0
LF:59
LH:0
BRDA:23,0,0,0
BRDA:80,1,0,0
BRDA:85,2,0,0
BRDA:103,3,0,0
BRDA:116,4,0,0
BRDA:136,5,0,0
BRDA:148,6,0,0
BRDA:168,7,0,0
BRDA:173,8,0,0
BRF:9
BRH:0
end_of_record
TN:
SF:src\controllers\properties.controller.ts
FN:15,(anonymous_0)
FN:16,(anonymous_1)
FN:31,(anonymous_2)
FN:32,(anonymous_3)
FN:49,(anonymous_4)
FN:50,(anonymous_5)
FN:70,(anonymous_6)
FN:85,(anonymous_7)
FN:86,(anonymous_8)
FN:99,(anonymous_9)
FN:112,(anonymous_10)
FN:113,(anonymous_11)
FNF:12
FNH:0
FNDA:0,(anonymous_0)
FNDA:0,(anonymous_1)
FNDA:0,(anonymous_2)
FNDA:0,(anonymous_3)
FNDA:0,(anonymous_4)
FNDA:0,(anonymous_5)
FNDA:0,(anonymous_6)
FNDA:0,(anonymous_7)
FNDA:0,(anonymous_8)
FNDA:0,(anonymous_9)
FNDA:0,(anonymous_10)
FNDA:0,(anonymous_11)
DA:15,0
DA:16,0
DA:17,0
DA:18,0
DA:31,0
DA:32,0
DA:33,0
DA:34,0
DA:36,0
DA:37,0
DA:39,0
DA:49,0
DA:50,0
DA:51,0
DA:52,0
DA:53,0
DA:55,0
DA:56,0
DA:58,0
DA:59,0
DA:61,0
DA:69,0
DA:71,0
DA:72,0
DA:75,0
DA:85,0
DA:86,0
DA:87,0
DA:88,0
DA:89,0
DA:91,0
DA:93,0
DA:95,0
DA:96,0
DA:98,0
DA:100,0
DA:101,0
DA:112,0
DA:113,0
DA:114,0
DA:115,0
DA:117,0
DA:118,0
DA:120,0
DA:122,0
DA:123,0
DA:125,0
LF:47
LH:0
BRDA:36,0,0,0
BRDA:55,1,0,0
BRDA:58,2,0,0
BRDA:58,3,0,0
BRDA:58,3,1,0
BRDA:71,4,0,0
BRDA:91,5,0,0
BRDA:95,6,0,0
BRDA:100,7,0,0
BRDA:117,8,0,0
BRDA:122,9,0,0
BRF:11
BRH:0
end_of_record
TN:
SF:src\controllers\users.controller.ts
FN:11,(anonymous_0)
FN:12,(anonymous_1)
FN:28,(anonymous_2)
FN:29,(anonymous_3)
FN:46,(anonymous_4)
FN:47,(anonymous_5)
FNF:6
FNH:0
FNDA:0,(anonymous_0)
FNDA:0,(anonymous_1)
FNDA:0,(anonymous_2)
FNDA:0,(anonymous_3)
FNDA:0,(anonymous_4)
FNDA:0,(anonymous_5)
DA:11,0
DA:12,0
DA:13,0
DA:15,0
DA:28,0
DA:29,0
DA:30,0
DA:31,0
DA:33,0
DA:34,0
DA:36,0
DA:46,0
DA:47,0
DA:48,0
DA:49,0
DA:51,0
DA:52,0
DA:54,0
LF:18
LH:0
BRDA:33,0,0,0
BRDA:51,1,0,0
BRF:2
BRH:0
end_of_record
TN:
SF:src\middleware\auth.middleware.ts
FN:19,(anonymous_0)
FN:33,(anonymous_1)
FN:34,(anonymous_2)
FN:53,(anonymous_3)
FNF:4
FNH:0
FNDA:0,(anonymous_0)
FNDA:0,(anonymous_1)
FNDA:0,(anonymous_2)
FNDA:0,(anonymous_3)
DA:7,0
DA:9,0
DA:19,0
DA:24,0
DA:26,0
DA:27,0
DA:33,0
DA:34,0
DA:35,0
DA:36,0
DA:37,0
DA:42,0
DA:49,0
DA:51,0
DA:54,0
LF:15
LH:0
BRDA:9,0,0,0
BRDA:9,0,1,0
BRDA:26,1,0,0
BRDA:35,2,0,0
BRDA:36,3,0,0
BRDA:36,3,1,0
BRF:6
BRH:0
end_of_record
TN:
SF:src\middleware\authorize.middleware.ts
FN:5,(anonymous_0)
FN:6,(anonymous_1)
FNF:2
FNH:0
FNDA:0,(anonymous_0)
FNDA:0,(anonymous_1)
DA:5,0
DA:6,0
DA:7,0
DA:9,0
DA:10,0
DA:12,0
LF:6
LH:0
BRDA:9,0,0,0
BRDA:9,1,0,0
BRDA:9,1,1,0
BRF:3
BRH:0
end_of_record
TN:
SF:src\middleware\upload.middleware.ts
FN:6,(anonymous_0)
FN:13,(anonymous_1)
FNF:2
FNH:0
FNDA:0,(anonymous_0)
FNDA:0,(anonymous_1)
DA:5,0
DA:7,0
DA:9,0
DA:11,0
DA:14,0
DA:15,0
DA:19,0
LF:7
LH:0
BRDA:9,0,0,0
BRF:1
BRH:0
end_of_record
TN:
SF:src\models\booking.model.ts
FN:11,(anonymous_0)
FN:26,(anonymous_1)
FN:43,(anonymous_2)
FN:53,(anonymous_3)
FN:66,(anonymous_4)
FN:81,(anonymous_5)
FN:97,(anonymous_6)
FNF:7
FNH:0
FNDA:0,(anonymous_0)
FNDA:0,(anonymous_1)
FNDA:0,(anonymous_2)
FNDA:0,(anonymous_3)
FNDA:0,(anonymous_4)
FNDA:0,(anonymous_5)
FNDA:0,(anonymous_6)
DA:4,0
DA:11,0
DA:15,0
DA:19,0
DA:26,0
DA:30,0
DA:36,0
DA:43,0
DA:44,0
DA:45,0
DA:53,0
DA:54,0
DA:58,0
DA:66,0
DA:67,0
DA:72,0
DA:81,0
DA:85,0
DA:89,0
DA:97,0
DA:101,0
DA:104,0
LF:22
LH:0
BRDA:33,0,0,0
BRDA:33,0,1,0
BRDA:102,1,0,0
BRDA:102,1,1,0
BRF:4
BRH:0
end_of_record
TN:
SF:src\models\property.model.ts
FN:11,(anonymous_0)
FN:26,(anonymous_1)
FN:42,(anonymous_2)
FN:53,(anonymous_3)
FN:69,(anonymous_4)
FNF:5
FNH:0
FNDA:0,(anonymous_0)
FNDA:0,(anonymous_1)
FNDA:0,(anonymous_2)
FNDA:0,(anonymous_3)
FNDA:0,(anonymous_4)
DA:4,0
DA:11,0
DA:15,0
DA:19,0
DA:26,0
DA:30,0
DA:35,0
DA:42,0
DA:43,0
DA:44,0
DA:53,0
DA:57,0
DA:61,0
DA:69,0
DA:70,0
DA:71,0
LF:16
LH:0
BRDA:32,0,0,0
BRDA:32,0,1,0
BRDA:70,1,0,0
BRDA:70,1,1,0
BRF:4
BRH:0
end_of_record
TN:
SF:src\models\user.model.ts
FN:11,(anonymous_0)
FN:25,(anonymous_1)
FN:35,(anonymous_2)
FN:44,(anonymous_3)
FN:55,(anonymous_4)
FN:68,(anonymous_5)
FNF:6
FNH:0
FNDA:0,(anonymous_0)
FNDA:0,(anonymous_1)
FNDA:0,(anonymous_2)
FNDA:0,(anonymous_3)
FNDA:0,(anonymous_4)
FNDA:0,(anonymous_5)
DA:4,0
DA:11,0
DA:14,0
DA:18,0
DA:25,0
DA:26,0
DA:27,0
DA:35,0
DA:36,0
DA:37,0
DA:44,0
DA:45,0
DA:46,0
DA:55,0
DA:59,0
DA:60,0
DA:68,0
DA:69,0
DA:70,0
LF:19
LH:0
BRF:0
BRH:0
end_of_record
TN:
SF:src\routes\auth.routes.ts
FNF:0
FNH:0
DA:4,0
DA:18,0
DA:32,0
LF:3
LH:0
BRF:0
BRH:0
end_of_record
TN:
SF:src\routes\booking.routes.ts
FNF:0
FNH:0
DA:5,0
DA:19,0
DA:33,0
DA:56,0
DA:76,0
DA:92,0
DA:108,0
DA:124,0
LF:8
LH:0
BRF:0
BRH:0
end_of_record
TN:
SF:src\routes\index.routes.ts
FN:14,(anonymous_0)
FNF:1
FNH:0
FNDA:0,(anonymous_0)
DA:8,0
DA:14,0
DA:15,0
DA:22,0
DA:28,0
DA:34,0
DA:40,0
LF:7
LH:0
BRF:0
BRH:0
end_of_record
TN:
SF:src\routes\properties.routes.ts
FNF:0
FNH:0
DA:8,0
DA:22,0
DA:43,0
DA:57,0
DA:78,0
DA:99,0
LF:6
LH:0
BRF:0
BRH:0
end_of_record
TN:
SF:src\routes\user.routes.ts
FNF:0
FNH:0
DA:7,0
DA:21,0
DA:44,0
DA:67,0
LF:4
LH:0
BRF:0
BRH:0
end_of_record
TN:
SF:src\services\auth.service.ts
FN:19,(anonymous_0)
FN:36,(anonymous_1)
FNF:2
FNH:0
FNDA:0,(anonymous_0)
FNDA:0,(anonymous_1)
DA:8,0
DA:10,0
DA:19,0
DA:20,0
DA:21,0
DA:23,0
DA:25,0
DA:26,0
DA:28,0
DA:36,0
DA:37,0
DA:38,0
LF:12
LH:0
BRDA:25,0,0,0
BRF:1
BRH:0
end_of_record
TN:
SF:src\services\bookings.service.ts
FN:13,(anonymous_0)
FN:33,(anonymous_1)
FN:50,(anonymous_2)
FNF:3
FNH:0
FNDA:0,(anonymous_0)
FNDA:0,(anonymous_1)
FNDA:0,(anonymous_2)
DA:5,0
DA:13,0
DA:14,0
DA:25,0
DA:33,0
DA:34,0
DA:35,0
DA:37,0
DA:38,0
DA:40,0
DA:42,0
DA:50,0
DA:51,0
DA:52,0
DA:54,0
DA:55,0
DA:57,0
DA:61,0
DA:63,0
LF:19
LH:0
BRDA:19,0,0,0
BRDA:19,0,1,0
BRDA:37,1,0,0
BRDA:54,2,0,0
BRDA:61,3,0,0
BRF:5
BRH:0
end_of_record
TN:
SF:src\services\cloudnary.service.ts
FN:12,(anonymous_0)
FNF:1
FNH:0
FNDA:0,(anonymous_0)
DA:4,0
DA:6,0
DA:12,0
DA:13,0
DA:14,0
DA:16,0
LF:6
LH:0
BRF:0
BRH:0
end_of_record
TN:
SF:src\services\googleauth.service.ts
FN:11,getUserInfo
FNF:1
FNH:0
FNDA:0,getUserInfo
DA:4,0
DA:12,0
DA:13,0
DA:19,0
DA:20,0
DA:22,0
DA:23,0
LF:7
LH:0
BRF:0
BRH:0
end_of_record
TN:
SF:src\services\properties.service.ts
FN:3,(anonymous_0)
FNF:1
FNH:0
FNDA:0,(anonymous_0)
DA:3,0
DA:4,0
DA:6,0
DA:7,0
DA:8,0
DA:11,0
LF:6
LH:0
BRDA:8,0,0,0
BRF:1
BRH:0
end_of_record
TN:
SF:src\utils\response.util.ts
FN:3,(anonymous_0)
FNF:1
FNH:0
FNDA:0,(anonymous_0)
DA:3,0
DA:10,0
LF:2
LH:0
BRDA:10,0,0,0
BRDA:10,0,1,0
BRDA:11,1,0,0
BRDA:11,1,1,0
BRDA:13,2,0,0
BRDA:13,2,1,0
BRF:6
BRH:0
end_of_record
TN:
SF:src\utils\swagger.util.ts
FN:30,(anonymous_0)
FNF:1
FNH:0
FNDA:0,(anonymous_0)
DA:6,0
DA:9,0
DA:28,0
DA:30,0
DA:31,0
DA:32,0
LF:6
LH:0
BRF:0
BRH:0
end_of_record
TN:
SF:src\utils\trycatch.util.ts
FN:4,(anonymous_0)
FNF:1
FNH:0
FNDA:0,(anonymous_0)
DA:4,0
DA:5,0
DA:6,0
DA:8,0
DA:9,0
LF:5
LH:0
BRDA:8,0,0,0
BRF:1
BRH:0
end_of_record
TN:
SF:src\validations\booking.validation.ts
FN:8,(anonymous_0)
FN:14,(anonymous_1)
FNF:2
FNH:0
FNDA:0,(anonymous_0)
FNDA:0,(anonymous_1)
DA:4,0
DA:6,0
DA:9,0
DA:10,0
DA:15,0
DA:16,0
DA:18,0
DA:19,0
LF:8
LH:0
BRDA:18,0,0,0
BRF:1
BRH:0
end_of_record
TN:
SF:src\validations\property.validation.ts
FNF:0
FNH:0
DA:3,0
LF:1
LH:0
BRF:0
BRH:0
end_of_record
